<?xml version="1.0" encoding="UTF-8"?>
<!-- Generated by org.testng.reporters.JUnitXMLReporter -->
<testsuite ignored="1" hostname="ICT-5" failures="1" tests="1" name="Submit Order Test" time="0.059" errors="0" timestamp="2024-09-10T17:21:12 IST">
  <testcase classname="rahulshettyacademy.tests.SubmitOrderTest" name="submitOrder" time="0.0">
    <failure type="java.lang.RuntimeException" message="java.io.FileNotFoundException: File &amp;apos;E:\MavenProject\SeleniumFrameworkDesign\sr\test\java\rahulshettyacademy\data\PurchaseOrder.json&amp;apos; does not exist">
      <![CDATA[java.lang.RuntimeException: java.io.FileNotFoundException: File 'E:\MavenProject\SeleniumFrameworkDesign\sr\test\java\rahulshettyacademy\data\PurchaseOrder.json' does not exist
at java.base/java.util.ArrayList.forEach(ArrayList.java:1511)
at java.base/java.util.concurrent.FutureTask.run(FutureTask.java:264)
at java.base/java.util.concurrent.ThreadPoolExecutor.runWorker(ThreadPoolExecutor.java:1136)
at java.base/java.util.concurrent.ThreadPoolExecutor$Worker.run(ThreadPoolExecutor.java:635)
at java.base/java.lang.Thread.run(Thread.java:833)
Caused by: java.io.FileNotFoundException: File 'E:\MavenProject\SeleniumFrameworkDesign\sr\test\java\rahulshettyacademy\data\PurchaseOrder.json' does not exist
at org.apache.commons.io.FileUtils.openInputStream(FileUtils.java:297)
at org.apache.commons.io.FileUtils.readFileToString(FileUtils.java:1805)
at rahulshettyacademy.TestComponents.BaseTest.getJsonDataToMap(BaseTest.java:62)
at rahulshettyacademy.tests.SubmitOrderTest.getData(SubmitOrderTest.java:63)
... 19 more
... Removed 22 stack frames]]>
    </failure>
  </testcase> <!-- submitOrder -->
  <testcase classname="rahulshettyacademy.tests.SubmitOrderTest" name="OrderHistoryTest" time="0.0">
    <ignored/>
  </testcase> <!-- OrderHistoryTest -->
</testsuite> <!-- Submit Order Test -->
